<?xml version="1.0" encoding="UTF-8" ?>
<testsuite tests="2" failures="0" name="TestCases.TestStockSearch" time="25.26" errors="2" skipped="0">
  <properties>
    <property name="java.runtime.name" value="Java(TM) SE Runtime Environment"/>
    <property name="java.vm.version" value="10.0.2+13"/>
    <property name="sun.boot.library.path" value="/Library/Java/JavaVirtualMachines/jdk-10.0.2.jdk/Contents/Home/lib"/>
    <property name="gopherProxySet" value="false"/>
    <property name="maven.multiModuleProjectDirectory" value="/Users/smartmac/IdeaProjects/XueQiuAutomation"/>
    <property name="java.vm.vendor" value="&quot;Oracle Corporation&quot;"/>
    <property name="java.vendor.url" value="http://java.oracle.com/"/>
    <property name="guice.disable.misplaced.annotation.check" value="true"/>
    <property name="path.separator" value=":"/>
    <property name="java.vm.name" value="Java HotSpot(TM) 64-Bit Server VM"/>
    <property name="file.encoding.pkg" value="sun.io"/>
    <property name="sun.os.patch.level" value="unknown"/>
    <property name="user.country" value="CN"/>
    <property name="sun.java.launcher" value="SUN_STANDARD"/>
    <property name="java.vm.specification.name" value="Java Virtual Machine Specification"/>
    <property name="user.dir" value="/Users/smartmac/IdeaProjects/XueQiuAutomation"/>
    <property name="java.vm.compressedOopsMode" value="Zero based"/>
    <property name="java.runtime.version" value="10.0.2+13"/>
    <property name="java.awt.graphicsenv" value="sun.awt.CGraphicsEnvironment"/>
    <property name="os.arch" value="x86_64"/>
    <property name="java.io.tmpdir" value="/var/folders/wf/gcwnb9s9119fkt14wb4553dr0000gn/T/"/>
    <property name="line.separator" value="
"/>
    <property name="java.vm.specification.vendor" value="Oracle Corporation"/>
    <property name="os.name" value="Mac OS X"/>
    <property name="classworlds.conf" value="/usr/local/Cellar/maven/3.5.4/libexec/bin/m2.conf"/>
    <property name="sun.jnu.encoding" value="UTF-8"/>
    <property name="java.library.path" value="/Users/smartmac/Library/Java/Extensions:/Library/Java/Extensions:/Network/Library/Java/Extensions:/System/Library/Java/Extensions:/usr/lib/java:."/>
    <property name="maven.conf" value="/usr/local/Cellar/maven/3.5.4/libexec/conf"/>
    <property name="jdk.debug" value="release"/>
    <property name="java.class.version" value="54.0"/>
    <property name="java.specification.name" value="Java Platform API Specification"/>
    <property name="sun.management.compiler" value="HotSpot 64-Bit Tiered Compilers"/>
    <property name="os.version" value="10.13.6"/>
    <property name="library.jansi.path" value="/usr/local/Cellar/maven/3.5.4/libexec/lib/jansi-native"/>
    <property name="http.nonProxyHosts" value="local|*.local|169.254/16|*.169.254/16"/>
    <property name="user.home" value="/Users/smartmac"/>
    <property name="user.timezone" value="Asia/Shanghai"/>
    <property name="java.awt.printerjob" value="sun.lwawt.macosx.CPrinterJob"/>
    <property name="file.encoding" value="UTF-8"/>
    <property name="java.specification.version" value="10"/>
    <property name="user.name" value="smartmac"/>
    <property name="java.class.path" value="/usr/local/Cellar/maven/3.5.4/libexec/boot/plexus-classworlds-2.5.2.jar"/>
    <property name="java.vm.specification.version" value="10"/>
    <property name="sun.arch.data.model" value="64"/>
    <property name="sun.java.command" value="org.codehaus.plexus.classworlds.launcher.Launcher surefire-report:report"/>
    <property name="java.home" value="/Library/Java/JavaVirtualMachines/jdk-10.0.2.jdk/Contents/Home"/>
    <property name="user.language" value="en"/>
    <property name="java.specification.vendor" value="Oracle Corporation"/>
    <property name="awt.toolkit" value="sun.lwawt.macosx.LWCToolkit"/>
    <property name="java.vm.info" value="mixed mode"/>
    <property name="java.version" value="10.0.2"/>
    <property name="java.vendor" value="Oracle Corporation"/>
    <property name="maven.home" value="/usr/local/Cellar/maven/3.5.4/libexec"/>
    <property name="file.separator" value="/"/>
    <property name="java.version.date" value="2018-07-17"/>
    <property name="java.vendor.url.bug" value="http://bugreport.java.com/bugreport/"/>
    <property name="sun.io.unicode.encoding" value="UnicodeBig"/>
    <property name="sun.cpu.endian" value="little"/>
    <property name="java.vendor.version" value="18.3"/>
    <property name="socksNonProxyHosts" value="local|*.local|169.254/16|*.169.254/16"/>
    <property name="ftp.nonProxyHosts" value="local|*.local|169.254/16|*.169.254/16"/>
    <property name="sun.cpu.isalist" value=""/>
  </properties>
  <testcase classname="TestCases.TestStockSearch" name="TestCases.TestStockSearch" time="12.627">
    <error message="It is impossible to create a new session because &apos;createSession&apos; which takes HttpClient, InputStream and long was not found or it is not accessible
Build info: version: &apos;3.12.0&apos;, revision: &apos;7c6e0b3&apos;, time: &apos;2018-05-08T14:04:26.12Z&apos;
System info: host: &apos;SmartMacs-MacBook-Pro.local&apos;, ip: &apos;fe80:0:0:0:18b1:9ff0:eeb0:e23b%en0&apos;, os.name: &apos;Mac OS X&apos;, os.arch: &apos;x86_64&apos;, os.version: &apos;10.13.6&apos;, java.version: &apos;10.0.2&apos;
Driver info: driver.version: AppiumDriver" type="org.openqa.selenium.WebDriverException">org.openqa.selenium.WebDriverException: It is impossible to create a new session because &apos;createSession&apos; which takes HttpClient, InputStream and long was not found or it is not accessible
Build info: version: &apos;3.12.0&apos;, revision: &apos;7c6e0b3&apos;, time: &apos;2018-05-08T14:04:26.12Z&apos;
System info: host: &apos;SmartMacs-MacBook-Pro.local&apos;, ip: &apos;fe80:0:0:0:18b1:9ff0:eeb0:e23b%en0&apos;, os.name: &apos;Mac OS X&apos;, os.arch: &apos;x86_64&apos;, os.version: &apos;10.13.6&apos;, java.version: &apos;10.0.2&apos;
Driver info: driver.version: AppiumDriver
	at io.appium.java_client.remote.AppiumCommandExecutor$1.createSession(AppiumCommandExecutor.java:195)
	at io.appium.java_client.remote.AppiumCommandExecutor.createSession(AppiumCommandExecutor.java:209)
	at io.appium.java_client.remote.AppiumCommandExecutor.execute(AppiumCommandExecutor.java:231)
	at org.openqa.selenium.remote.RemoteWebDriver.execute(RemoteWebDriver.java:543)
	at io.appium.java_client.DefaultGenericMobileDriver.execute(DefaultGenericMobileDriver.java:42)
	at io.appium.java_client.AppiumDriver.execute(AppiumDriver.java:1)
	at org.openqa.selenium.remote.RemoteWebDriver.startSession(RemoteWebDriver.java:207)
	at org.openqa.selenium.remote.RemoteWebDriver.&lt;init&gt;(RemoteWebDriver.java:130)
	at io.appium.java_client.DefaultGenericMobileDriver.&lt;init&gt;(DefaultGenericMobileDriver.java:38)
	at io.appium.java_client.AppiumDriver.&lt;init&gt;(AppiumDriver.java:84)
	at io.appium.java_client.AppiumDriver.&lt;init&gt;(AppiumDriver.java:94)
	at Utils.BaseTest.startDriver(BaseTest.java:35)
	at java.base/jdk.internal.reflect.NativeMethodAccessorImpl.invoke0(Native Method)
	at java.base/jdk.internal.reflect.NativeMethodAccessorImpl.invoke(NativeMethodAccessorImpl.java:62)
	at java.base/jdk.internal.reflect.DelegatingMethodAccessorImpl.invoke(DelegatingMethodAccessorImpl.java:43)
	at java.base/java.lang.reflect.Method.invoke(Method.java:564)
	at org.junit.runners.model.FrameworkMethod$1.runReflectiveCall(FrameworkMethod.java:50)
	at org.junit.internal.runners.model.ReflectiveCallable.run(ReflectiveCallable.java:12)
	at org.junit.runners.model.FrameworkMethod.invokeExplosively(FrameworkMethod.java:47)
	at org.junit.internal.runners.statements.RunBefores.evaluate(RunBefores.java:24)
	at org.junit.internal.runners.statements.RunAfters.evaluate(RunAfters.java:27)
	at org.junit.runners.ParentRunner.run(ParentRunner.java:363)
	at org.apache.maven.surefire.junit4.JUnit4Provider.execute(JUnit4Provider.java:252)
	at org.apache.maven.surefire.junit4.JUnit4Provider.executeTestSet(JUnit4Provider.java:141)
	at org.apache.maven.surefire.junit4.JUnit4Provider.invoke(JUnit4Provider.java:112)
	at java.base/jdk.internal.reflect.NativeMethodAccessorImpl.invoke0(Native Method)
	at java.base/jdk.internal.reflect.NativeMethodAccessorImpl.invoke(NativeMethodAccessorImpl.java:62)
	at java.base/jdk.internal.reflect.DelegatingMethodAccessorImpl.invoke(DelegatingMethodAccessorImpl.java:43)
	at java.base/java.lang.reflect.Method.invoke(Method.java:564)
	at org.apache.maven.surefire.util.ReflectionUtils.invokeMethodWithArray(ReflectionUtils.java:189)
	at org.apache.maven.surefire.booter.ProviderFactory$ProviderProxy.invoke(ProviderFactory.java:165)
	at org.apache.maven.surefire.booter.ProviderFactory.invokeProvider(ProviderFactory.java:85)
	at org.apache.maven.surefire.booter.ForkedBooter.runSuitesInProcess(ForkedBooter.java:115)
	at org.apache.maven.surefire.booter.ForkedBooter.main(ForkedBooter.java:75)
Caused by: java.lang.reflect.InvocationTargetException
	at java.base/jdk.internal.reflect.NativeMethodAccessorImpl.invoke0(Native Method)
	at java.base/jdk.internal.reflect.NativeMethodAccessorImpl.invoke(NativeMethodAccessorImpl.java:62)
	at java.base/jdk.internal.reflect.DelegatingMethodAccessorImpl.invoke(DelegatingMethodAccessorImpl.java:43)
	at java.base/java.lang.reflect.Method.invoke(Method.java:564)
	at io.appium.java_client.remote.AppiumCommandExecutor$1.createSession(AppiumCommandExecutor.java:185)
	... 33 more
Caused by: org.openqa.selenium.WebDriverException: An unknown server-side error occurred while processing the command. Original error: [100%] /data/local/tmp/UnicodeIME-debug.apk
/usr/local/lib/node_modules/appium/node_modules/appium-android-ime/bin/UnicodeIME-debug.apk: 1 file pushed. 4.3 MB/s (36795 bytes in 0.008s)
	pkg: /data/local/tmp/UnicodeIME-debug.apk
Failure [INSTALL_FAILED_USER_RESTRICTED]
Build info: version: &apos;3.12.0&apos;, revision: &apos;7c6e0b3&apos;, time: &apos;2018-05-08T14:04:26.12Z&apos;
System info: host: &apos;SmartMacs-MacBook-Pro.local&apos;, ip: &apos;fe80:0:0:0:18b1:9ff0:eeb0:e23b%en0&apos;, os.name: &apos;Mac OS X&apos;, os.arch: &apos;x86_64&apos;, os.version: &apos;10.13.6&apos;, java.version: &apos;10.0.2&apos;
Driver info: driver.version: AppiumDriver
remote stacktrace: UnknownError: An unknown server-side error occurred while processing the command. Original error: [100%] /data/local/tmp/UnicodeIME-debug.apk
/usr/local/lib/node_modules/appium/node_modules/appium-android-ime/bin/UnicodeIME-debug.apk: 1 file pushed. 4.3 MB/s (36795 bytes in 0.008s)
	pkg: /data/local/tmp/UnicodeIME-debug.apk
Failure [INSTALL_FAILED_USER_RESTRICTED]
    at getResponseForW3CError (/usr/local/lib/node_modules/appium/node_modules/appium-base-driver/lib/protocol/errors.js:806:13)
    at asyncHandler$ (/usr/local/lib/node_modules/appium/node_modules/appium-base-driver/lib/protocol/protocol.js:361:37)
    at tryCatch (/usr/local/lib/node_modules/appium/node_modules/babel-runtime/regenerator/runtime.js:67:40)
    at GeneratorFunctionPrototype.invoke [as _invoke] (/usr/local/lib/node_modules/appium/node_modules/babel-runtime/regenerator/runtime.js:315:22)
    at GeneratorFunctionPrototype.prototype.(anonymous function) [as next] (/usr/local/lib/node_modules/appium/node_modules/babel-runtime/regenerator/runtime.js:100:21)
    at GeneratorFunctionPrototype.invoke (/usr/local/lib/node_modules/appium/node_modules/babel-runtime/regenerator/runtime.js:136:37)
	at java.base/jdk.internal.reflect.NativeConstructorAccessorImpl.newInstance0(Native Method)
	at java.base/jdk.internal.reflect.NativeConstructorAccessorImpl.newInstance(NativeConstructorAccessorImpl.java:62)
	at java.base/jdk.internal.reflect.DelegatingConstructorAccessorImpl.newInstance(DelegatingConstructorAccessorImpl.java:45)
	at java.base/java.lang.reflect.Constructor.newInstance(Constructor.java:488)
	at org.openqa.selenium.remote.W3CHandshakeResponse.lambda$new$0(W3CHandshakeResponse.java:57)
	at org.openqa.selenium.remote.W3CHandshakeResponse.lambda$getResponseFunction$2(W3CHandshakeResponse.java:104)
	at org.openqa.selenium.remote.ProtocolHandshake.lambda$createSession$0(ProtocolHandshake.java:123)
	at java.base/java.util.stream.ReferencePipeline$3$1.accept(ReferencePipeline.java:195)
	at java.base/java.util.Spliterators$ArraySpliterator.tryAdvance(Spliterators.java:958)
	at java.base/java.util.stream.ReferencePipeline.forEachWithCancel(ReferencePipeline.java:127)
	at java.base/java.util.stream.AbstractPipeline.copyIntoWithCancel(AbstractPipeline.java:502)
	at java.base/java.util.stream.AbstractPipeline.copyInto(AbstractPipeline.java:488)
	at java.base/java.util.stream.AbstractPipeline.wrapAndCopyInto(AbstractPipeline.java:474)
	at java.base/java.util.stream.FindOps$FindOp.evaluateSequential(FindOps.java:150)
	at java.base/java.util.stream.AbstractPipeline.evaluate(AbstractPipeline.java:234)
	at java.base/java.util.stream.ReferencePipeline.findFirst(ReferencePipeline.java:543)
	at org.openqa.selenium.remote.ProtocolHandshake.createSession(ProtocolHandshake.java:126)
	... 38 more
</error>
    <system-out>(node:25585) [DEP0005] DeprecationWarning: Buffer() is deprecated due to security and usability issues. Please use the Buffer.alloc(), Buffer.allocUnsafe(), or Buffer.from() methods instead.
&amp;#27;[35m[Appium]&amp;#27;[39m Welcome to Appium v1.8.1
&amp;#27;[35m[Appium]&amp;#27;[39m Appium REST http interface listener started on 0.0.0.0:4723
&amp;#27;[35m[HTTP]&amp;#27;[39m &amp;#27;[37m--&gt;&amp;#27;[39m &amp;#27;[37mGET&amp;#27;[39m &amp;#27;[37m/wd/hub/status&amp;#27;[39m
&amp;#27;[35m[HTTP]&amp;#27;[39m &amp;#27;[90m{}&amp;#27;[39m
[debug] &amp;#27;[35m[MJSONWP]&amp;#27;[39m Calling AppiumDriver.getStatus() with args: []
[debug] &amp;#27;[35m[MJSONWP]&amp;#27;[39m Responding to client with driver.getStatus() result: {&quot;build&quot;:{&quot;version&quot;:&quot;1.8.1&quot;,&quot;revision&quot;:null}}
&amp;#27;[35m[HTTP]&amp;#27;[39m &amp;#27;[37m&lt;-- GET /wd/hub/status &amp;#27;[39m&amp;#27;[32m200&amp;#27;[39m &amp;#27;[90m22 ms - 83&amp;#27;[39m
&amp;#27;[35m[HTTP]&amp;#27;[39m &amp;#27;[90m&amp;#27;[39m
18:08:18.466 [main] TRACE Utils.BaseTest - The service is started.
&amp;#27;[35m[HTTP]&amp;#27;[39m &amp;#27;[37m--&gt;&amp;#27;[39m &amp;#27;[37mPOST&amp;#27;[39m &amp;#27;[37m/wd/hub/session&amp;#27;[39m
&amp;#27;[35m[HTTP]&amp;#27;[39m &amp;#27;[90m{&quot;desiredCapabilities&quot;:{&quot;appActivity&quot;:&quot;.view.WelcomeActivityAlias&quot;,&quot;appPackage&quot;:&quot;com.xueqiu.android&quot;,&quot;noReset&quot;:&quot;false&quot;,&quot;unicodeKeyboard&quot;:&quot;true&quot;,&quot;platformName&quot;:&quot;Android&quot;,&quot;deviceName&quot;:&quot;b53bbecd&quot;,&quot;printPageSourceOnFindFailure&quot;:&quot;true&quot;},&quot;capabilities&quot;:{&quot;alwaysMatch&quot;:{&quot;appium:appActivity&quot;:&quot;.view.WelcomeActivityAlias&quot;,&quot;appium:appPackage&quot;:&quot;com.xueqiu.android&quot;,&quot;appium:deviceName&quot;:&quot;b53bbecd&quot;,&quot;appium:noReset&quot;:&quot;false&quot;,&quot;platformName&quot;:&quot;android&quot;,&quot;printPageSourceOnFindFailure&quot;:&quot;true&quot;,&quot;appium:unicodeKeyboard&quot;:&quot;true&quot;},&quot;firstMatch&quot;:[{}]}}&amp;#27;[39m
[debug] &amp;#27;[35m[MJSONWP]&amp;#27;[39m Calling AppiumDriver.createSession() with args: [{&quot;appActivity&quot;:&quot;.view.WelcomeActivityAlias&quot;,&quot;appPackage&quot;:&quot;com.xueqiu.android&quot;,&quot;noReset&quot;:&quot;false&quot;,&quot;unicodeKeyboard&quot;:&quot;true&quot;,&quot;platformName&quot;:&quot;Android&quot;,&quot;deviceName&quot;:&quot;b53bbecd&quot;,&quot;printPageSourceOnFindFailure&quot;:&quot;true&quot;},null,{&quot;alwaysMatch&quot;:{&quot;appium:appActivity&quot;:&quot;.view.WelcomeActivityAlias&quot;,&quot;appium:appPackage&quot;:&quot;com.xueqiu.android&quot;,&quot;appium:deviceName&quot;:&quot;b53bbecd&quot;,&quot;appium:noReset&quot;:&quot;false&quot;,&quot;platformName&quot;:&quot;android&quot;,&quot;printPageSourceOnFindFailure&quot;:&quot;true&quot;,&quot;appium:unicodeKeyboard&quot;:&quot;true&quot;},&quot;firstMatch&quot;:[{}]}]
[debug] &amp;#27;[35m[BaseDriver]&amp;#27;[39m Event &apos;newSessionRequested&apos; logged at 1538474898845 (18:08:18 GMT+0800 (China Standard Time))
&amp;#27;[35m[BaseDriver]&amp;#27;[39m The capabilities [&quot;printPageSourceOnFindFailure&quot;] are not standard capabilities and should have an extension prefix
&amp;#27;[35m[BaseDriver]&amp;#27;[39m Boolean capability passed in as string. Functionality may be compromised.
&amp;#27;[35m[BaseDriver]&amp;#27;[39m Boolean capability passed in as string. Functionality may be compromised.
&amp;#27;[35m[Appium]&amp;#27;[39m Creating new AndroidDriver (v2.7.0) session
&amp;#27;[35m[Appium]&amp;#27;[39m Capabilities:
&amp;#27;[35m[Appium]&amp;#27;[39m   platformName: android
&amp;#27;[35m[Appium]&amp;#27;[39m   printPageSourceOnFindFailure: true
&amp;#27;[35m[Appium]&amp;#27;[39m   appActivity: .view.WelcomeActivityAlias
&amp;#27;[35m[Appium]&amp;#27;[39m   appPackage: com.xueqiu.android
&amp;#27;[35m[Appium]&amp;#27;[39m   deviceName: b53bbecd
&amp;#27;[35m[Appium]&amp;#27;[39m   noReset: false
&amp;#27;[35m[Appium]&amp;#27;[39m   unicodeKeyboard: true
[debug] &amp;#27;[35m[BaseDriver]&amp;#27;[39m W3C capabilities {&quot;alwaysMatch&quot;:{&quot;platformNa... and MJSONWP desired capabilities [object Object] were provided
[debug] &amp;#27;[35m[BaseDriver]&amp;#27;[39m Creating session with W3C capabilities: {&quot;alwaysMatch&quot;:{&quot;platformNa...
&amp;#27;[35m[BaseDriver]&amp;#27;[39m Boolean capability passed in as string. Functionality may be compromised.
&amp;#27;[35m[BaseDriver]&amp;#27;[39m Boolean capability passed in as string. Functionality may be compromised.
&amp;#27;[35m[BaseDriver]&amp;#27;[39m Boolean capability passed in as string. Functionality may be compromised.
&amp;#27;[35m[BaseDriver]&amp;#27;[39m Capability &apos;noReset&apos; changed from string to boolean. This may cause unexpected behavior
&amp;#27;[35m[BaseDriver]&amp;#27;[39m Capability &apos;printPageSourceOnFindFailure&apos; changed from string to boolean. This may cause unexpected behavior
&amp;#27;[35m[BaseDriver]&amp;#27;[39m Capability &apos;unicodeKeyboard&apos; changed from string to boolean. This may cause unexpected behavior
&amp;#27;[35m[BaseDriver]&amp;#27;[39m Session created with session id: c2d5429f-61c7-47d1-ad5b-d6658de48139
[debug] &amp;#27;[35m[AndroidDriver]&amp;#27;[39m Getting Java version
&amp;#27;[35m[AndroidDriver]&amp;#27;[39m Java version is: 10.0.2
&amp;#27;[35m[ADB]&amp;#27;[39m Checking whether adb is present
&amp;#27;[35m[ADB]&amp;#27;[39m Found 4 &apos;build-tools&apos; folders under &apos;/Users/smartmac/Library/Android/sdk&apos; (newest first):
&amp;#27;[35m[ADB]&amp;#27;[39m     /Users/smartmac/Library/Android/sdk/build-tools/28.0.3
&amp;#27;[35m[ADB]&amp;#27;[39m     /Users/smartmac/Library/Android/sdk/build-tools/28.0.0-rc2
&amp;#27;[35m[ADB]&amp;#27;[39m     /Users/smartmac/Library/Android/sdk/build-tools/27.0.3
&amp;#27;[35m[ADB]&amp;#27;[39m     /Users/smartmac/Library/Android/sdk/build-tools/26.0.2
&amp;#27;[35m[ADB]&amp;#27;[39m Using adb from /Users/smartmac/Library/Android/sdk/platform-tools/adb
&amp;#27;[35m[AndroidDriver]&amp;#27;[39m Retrieving device list
[debug] &amp;#27;[35m[ADB]&amp;#27;[39m Trying to find a connected android device
[debug] &amp;#27;[35m[ADB]&amp;#27;[39m Getting connected devices...
[debug] &amp;#27;[35m[ADB]&amp;#27;[39m 1 device(s) connected
&amp;#27;[35m[AndroidDriver]&amp;#27;[39m Using device: b53bbecd
[debug] &amp;#27;[35m[ADB]&amp;#27;[39m Setting device id to b53bbecd
&amp;#27;[35m[AndroidDriver]&amp;#27;[39m App file was not listed, instead we&apos;re going to run com.xueqiu.android directly on the device
[debug] &amp;#27;[35m[AndroidDriver]&amp;#27;[39m Checking whether package is present on the device
[debug] &amp;#27;[35m[ADB]&amp;#27;[39m Running &apos;/Users/smartmac/Library/Android/sdk/platform-tools/adb -P 5037 -s b53bbecd shell pm list packages com.xueqiu.android&apos;
&amp;#27;[35m[AndroidDriver]&amp;#27;[39m Starting Android session
[debug] &amp;#27;[35m[ADB]&amp;#27;[39m Running &apos;/Users/smartmac/Library/Android/sdk/platform-tools/adb -P 5037 -s b53bbecd wait-for-device&apos;
[debug] &amp;#27;[35m[ADB]&amp;#27;[39m Running &apos;/Users/smartmac/Library/Android/sdk/platform-tools/adb -P 5037 -s b53bbecd shell echo ping&apos;
[debug] &amp;#27;[35m[AndroidDriver]&amp;#27;[39m Pushing settings apk to device...
[debug] &amp;#27;[35m[ADB]&amp;#27;[39m Getting install status for io.appium.settings
[debug] &amp;#27;[35m[ADB]&amp;#27;[39m Running &apos;/Users/smartmac/Library/Android/sdk/platform-tools/adb -P 5037 -s b53bbecd shell pm list packages io.appium.settings&apos;
[debug] &amp;#27;[35m[ADB]&amp;#27;[39m App is not installed
[debug] &amp;#27;[35m[ADB]&amp;#27;[39m App &apos;/usr/local/lib/node_modules/appium/node_modules/io.appium.settings/app/build/outputs/apk/settings_apk-debug.apk&apos; not installed. Installing
[debug] &amp;#27;[35m[ADB]&amp;#27;[39m Running &apos;/Users/smartmac/Library/Android/sdk/platform-tools/adb -P 5037 -s b53bbecd shell getprop ro.build.version.sdk&apos;
[debug] &amp;#27;[35m[ADB]&amp;#27;[39m Current device property &apos;ro.build.version.sdk&apos;: 23
[debug] &amp;#27;[35m[ADB]&amp;#27;[39m Device API level: 23
[debug] &amp;#27;[35m[ADB]&amp;#27;[39m Running &apos;/Users/smartmac/Library/Android/sdk/platform-tools/adb -P 5037 -s b53bbecd install -g /usr/local/lib/node_modules/appium/node_modules/io.appium.settings/app/build/outputs/apk/settings_apk-debug.apk&apos;
[debug] &amp;#27;[35m[ADB]&amp;#27;[39m Install command stdout: [100%] /data/local/tmp/settings_apk-debug.apk
[debug] &amp;#27;[35m[ADB]&amp;#27;[39m /usr/local/lib/node_modules/appium/node_modules/io.appium.settings/app/build/outputs/apk/settings_apk-debug.apk: 1 file pushed. 5.7 MB/s (45149 bytes in 0.008s)
[debug] &amp;#27;[35m[ADB]&amp;#27;[39m 	pkg: /data/local/tmp/settings_apk-debug.apk
[debug] &amp;#27;[35m[ADB]&amp;#27;[39m Failure [INSTALL_FAILED_USER_RESTRICTED]
&amp;#27;[35m[AndroidDriver]&amp;#27;[39m Ignored error while installing Appium Settings helper: &apos;[100%] /data/local/tmp/settings_apk-debug.apk
&amp;#27;[35m[AndroidDriver]&amp;#27;[39m /usr/local/lib/node_modules/appium/node_modules/io.appium.settings/app/build/outputs/apk/settings_apk-debug.apk: 1 file pushed. 5.7 MB/s (45149 bytes in 0.008s)
&amp;#27;[35m[AndroidDriver]&amp;#27;[39m 	pkg: /data/local/tmp/settings_apk-debug.apk
&amp;#27;[35m[AndroidDriver]&amp;#27;[39m Failure [INSTALL_FAILED_USER_RESTRICTED]&apos;. Manually uninstalling the application with package id &apos;io.appium.settings&apos; may help. Expect some Appium features may not work as expected unless this problem is fixed.
[debug] &amp;#27;[35m[ADB]&amp;#27;[39m Running &apos;/Users/smartmac/Library/Android/sdk/platform-tools/adb -P 5037 -s b53bbecd shell ps&apos;
[debug] &amp;#27;[35m[ADB]&amp;#27;[39m Device API level: 23
[debug] &amp;#27;[35m[ADB]&amp;#27;[39m Running &apos;/Users/smartmac/Library/Android/sdk/platform-tools/adb -P 5037 -s b53bbecd shell am start -W -n io.appium.settings/.Settings -a android.intent.action.MAIN -c android.intent.category.LAUNCHER -f 0x10200000&apos;
&amp;#27;[35m[AndroidDriver]&amp;#27;[39m Failed to launch settings app: Cannot start the &apos;io.appium.settings&apos; application. Original error: Activity name &apos;.Settings&apos; used to start the app doesn&apos;t exist or cannot be launched! Make sure it exists and is a launchable activity
[debug] &amp;#27;[35m[ADB]&amp;#27;[39m Device API level: 23
[debug] &amp;#27;[35m[ADB]&amp;#27;[39m Running &apos;/Users/smartmac/Library/Android/sdk/platform-tools/adb -P 5037 -s b53bbecd shell appops set io.appium.settings android\:mock_location allow&apos;
&amp;#27;[35m[AndroidDriver]&amp;#27;[39m setDeviceLanguageCountry requires language or country.
&amp;#27;[35m[AndroidDriver]&amp;#27;[39m Got language: &apos;null&apos; and country: &apos;null&apos;
[debug] &amp;#27;[35m[Logcat]&amp;#27;[39m Starting logcat capture
[debug] &amp;#27;[35m[AndroidDriver]&amp;#27;[39m Enabling Unicode keyboard support
[debug] &amp;#27;[35m[AndroidDriver]&amp;#27;[39m Pushing unicode ime to device...
[debug] &amp;#27;[35m[ADB]&amp;#27;[39m Running &apos;/Users/smartmac/Library/Android/sdk/platform-tools/adb -P 5037 -s b53bbecd install /usr/local/lib/node_modules/appium/node_modules/appium-android-ime/bin/UnicodeIME-debug.apk&apos;
[debug] &amp;#27;[35m[ADB]&amp;#27;[39m Install command stdout: [100%] /data/local/tmp/UnicodeIME-debug.apk
[debug] &amp;#27;[35m[ADB]&amp;#27;[39m /usr/local/lib/node_modules/appium/node_modules/appium-android-ime/bin/UnicodeIME-debug.apk: 1 file pushed. 4.3 MB/s (36795 bytes in 0.008s)
[debug] &amp;#27;[35m[ADB]&amp;#27;[39m 	pkg: /data/local/tmp/UnicodeIME-debug.apk
[debug] &amp;#27;[35m[ADB]&amp;#27;[39m Failure [INSTALL_FAILED_USER_RESTRICTED]
[debug] &amp;#27;[35m[AndroidDriver]&amp;#27;[39m Shutting down Android driver
[debug] &amp;#27;[35m[AndroidDriver]&amp;#27;[39m Called deleteSession but bootstrap wasn&apos;t active
[debug] &amp;#27;[35m[Logcat]&amp;#27;[39m Stopping logcat capture
[debug] &amp;#27;[35m[ADB]&amp;#27;[39m Running &apos;/Users/smartmac/Library/Android/sdk/platform-tools/adb -P 5037 -s b53bbecd shell am force-stop io.appium.unlock&apos;
[debug] &amp;#27;[35m[AndroidDriver]&amp;#27;[39m Not cleaning generated files. Add `clearSystemFiles` capability if wanted.
[debug] &amp;#27;[35m[BaseDriver]&amp;#27;[39m Event &apos;newSessionStarted&apos; logged at 1538474908246 (18:08:28 GMT+0800 (China Standard Time))
&amp;#27;[35m[W3C]&amp;#27;[39m Encountered internal error running command: Error: [100%] /data/local/tmp/UnicodeIME-debug.apk
&amp;#27;[35m[W3C]&amp;#27;[39m /usr/local/lib/node_modules/appium/node_modules/appium-android-ime/bin/UnicodeIME-debug.apk: 1 file pushed. 4.3 MB/s (36795 bytes in 0.008s)
&amp;#27;[35m[W3C]&amp;#27;[39m 	pkg: /data/local/tmp/UnicodeIME-debug.apk
&amp;#27;[35m[W3C]&amp;#27;[39m Failure [INSTALL_FAILED_USER_RESTRICTED]
&amp;#27;[35m[W3C]&amp;#27;[39m     at ADB.executeInstall$ (/usr/local/lib/node_modules/appium/node_modules/appium-adb/lib/tools/apk-utils.js:398:13)
&amp;#27;[35m[W3C]&amp;#27;[39m     at tryCatch (/usr/local/lib/node_modules/appium/node_modules/babel-runtime/regenerator/runtime.js:67:40)
&amp;#27;[35m[W3C]&amp;#27;[39m     at GeneratorFunctionPrototype.invoke [as _invoke] (/usr/local/lib/node_modules/appium/node_modules/babel-runtime/regenerator/runtime.js:315:22)
&amp;#27;[35m[W3C]&amp;#27;[39m     at GeneratorFunctionPrototype.prototype.(anonymous function) [as next] (/usr/local/lib/node_modules/appium/node_modules/babel-runtime/regenerator/runtime.js:100:21)
&amp;#27;[35m[W3C]&amp;#27;[39m     at GeneratorFunctionPrototype.invoke (/usr/local/lib/node_modules/appium/node_modules/babel-runtime/regenerator/runtime.js:136:37)
&amp;#27;[35m[HTTP]&amp;#27;[39m &amp;#27;[37m&lt;-- POST /wd/hub/session &amp;#27;[39m&amp;#27;[31m500&amp;#27;[39m &amp;#27;[90m9456 ms - 1612&amp;#27;[39m
&amp;#27;[35m[HTTP]&amp;#27;[39m &amp;#27;[90m&amp;#27;[39m
</system-out>
  </testcase>
  <testcase classname="TestCases.TestStockSearch" name="TestCases.TestStockSearch" time="12.633">
    <error type="java.lang.NullPointerException">java.lang.NullPointerException
	at Utils.BaseTest.quitDriver(BaseTest.java:43)
	at java.base/jdk.internal.reflect.NativeMethodAccessorImpl.invoke0(Native Method)
	at java.base/jdk.internal.reflect.NativeMethodAccessorImpl.invoke(NativeMethodAccessorImpl.java:62)
	at java.base/jdk.internal.reflect.DelegatingMethodAccessorImpl.invoke(DelegatingMethodAccessorImpl.java:43)
	at java.base/java.lang.reflect.Method.invoke(Method.java:564)
	at org.junit.runners.model.FrameworkMethod$1.runReflectiveCall(FrameworkMethod.java:50)
	at org.junit.internal.runners.model.ReflectiveCallable.run(ReflectiveCallable.java:12)
	at org.junit.runners.model.FrameworkMethod.invokeExplosively(FrameworkMethod.java:47)
	at org.junit.internal.runners.statements.RunAfters.evaluate(RunAfters.java:33)
	at org.junit.runners.ParentRunner.run(ParentRunner.java:363)
	at org.apache.maven.surefire.junit4.JUnit4Provider.execute(JUnit4Provider.java:252)
	at org.apache.maven.surefire.junit4.JUnit4Provider.executeTestSet(JUnit4Provider.java:141)
	at org.apache.maven.surefire.junit4.JUnit4Provider.invoke(JUnit4Provider.java:112)
	at java.base/jdk.internal.reflect.NativeMethodAccessorImpl.invoke0(Native Method)
	at java.base/jdk.internal.reflect.NativeMethodAccessorImpl.invoke(NativeMethodAccessorImpl.java:62)
	at java.base/jdk.internal.reflect.DelegatingMethodAccessorImpl.invoke(DelegatingMethodAccessorImpl.java:43)
	at java.base/java.lang.reflect.Method.invoke(Method.java:564)
	at org.apache.maven.surefire.util.ReflectionUtils.invokeMethodWithArray(ReflectionUtils.java:189)
	at org.apache.maven.surefire.booter.ProviderFactory$ProviderProxy.invoke(ProviderFactory.java:165)
	at org.apache.maven.surefire.booter.ProviderFactory.invokeProvider(ProviderFactory.java:85)
	at org.apache.maven.surefire.booter.ForkedBooter.runSuitesInProcess(ForkedBooter.java:115)
	at org.apache.maven.surefire.booter.ForkedBooter.main(ForkedBooter.java:75)
</error>
  </testcase>
</testsuite>