<!DOCTYPE html PUBLIC "-//W3C//DTD XHTML 1.0 Transitional//EN" "http://www.w3.org/TR/xhtml1/DTD/xhtml1-transitional.dtd">
<!-- Generated by Apache Maven Doxia Site Renderer 1.6 at 2018-10-02 -->
<html xmlns="http://www.w3.org/1999/xhtml" xml:lang="en" lang="en">
  <head>
    <meta http-equiv="Content-Type" content="text/html; charset=UTF-8" />
    <title>Surefire Report</title>
    <style type="text/css" media="all">
      @import url("./css/maven-base.css");
      @import url("./css/maven-theme.css");
      @import url("./css/site.css");
    </style>
    <link rel="stylesheet" href="./css/print.css" type="text/css" media="print" />
    <meta name="Date-Revision-yyyymmdd" content="20181002" />
    <meta http-equiv="Content-Language" content="en" />
        
        </head>
  <body class="composite">
    <div id="banner">
                      <div class="clear">
        <hr/>
      </div>
    </div>
    <div id="breadcrumbs">
            
                    
                <div class="xleft">
        <span id="publishDate">Last Published: 2018-10-02</span>
                  &nbsp;| <span id="projectVersion">Version: 1.0-SNAPSHOT</span>
                      </div>
            <div class="xright">        
                    
      </div>
      <div class="clear">
        <hr/>
      </div>
    </div>
    <div id="leftColumn">
      <div id="navcolumn">
             
                    
                                      <a href="http://maven.apache.org/" title="Built by Maven" class="poweredBy">
        <img class="poweredBy" alt="Built by Maven" src="./images/logos/maven-feather.png" />
      </a>
                   
                    
            </div>
    </div>
    <div id="bodyColumn">
      <div id="contentBox">
        <script type="text/javascript">
//<![CDATA[
function toggleDisplay(elementId) {
 var elm = document.getElementById(elementId + '-error');
 if (elm == null) {
  elm = document.getElementById(elementId + '-failure');
 }
 if (elm && typeof elm.style != "undefined") {
  if (elm.style.display == "none") {
   elm.style.display = "";
   document.getElementById(elementId + '-off').style.display = "none";
   document.getElementById(elementId + '-on').style.display = "inline";
  } else if (elm.style.display == "") {   elm.style.display = "none";
   document.getElementById(elementId + '-off').style.display = "inline";
   document.getElementById(elementId + '-on').style.display = "none";
  } 
 } 
 }
//]]>
</script>
<div class="section">
<h2><a name="Surefire_Report"></a>Surefire Report</h2></div>
<div class="section">
<h2><a name="Summary"></a>Summary</h2><a name="Summary"></a>
<p>[<a href="#Summary">Summary</a>] [<a href="#Package_List">Package List</a>] [<a href="#Test_Cases">Test Cases</a>]</p><br />
<table border="1" class="bodyTable">
<tr class="a">
<th>Tests</th>
<th>Errors</th>
<th>Failures</th>
<th>Skipped</th>
<th>Success Rate</th>
<th>Time</th></tr>
<tr class="b">
<td>5</td>
<td>4</td>
<td>0</td>
<td>0</td>
<td>20%</td>
<td>64.647</td></tr></table><br />
<p>Note: failures are anticipated and checked for with assertions while errors are unanticipated.</p><br /></div>
<div class="section">
<h2><a name="Package_List"></a>Package List</h2><a name="Package_List"></a>
<p>[<a href="#Summary">Summary</a>] [<a href="#Package_List">Package List</a>] [<a href="#Test_Cases">Test Cases</a>]</p><br />
<table border="1" class="bodyTable">
<tr class="a">
<th>Package</th>
<th>Tests</th>
<th>Errors</th>
<th>Failures</th>
<th>Skipped</th>
<th>Success Rate</th>
<th>Time</th></tr>
<tr class="b">
<td><a href="#TestCases">TestCases</a></td>
<td>5</td>
<td>4</td>
<td>0</td>
<td>0</td>
<td>20%</td>
<td>64.647</td></tr></table><br />
<p>Note: package statistics are not computed recursively, they only sum up all of its testsuites numbers.</p>
<div class="section">
<h3><a name="TestCases"></a>TestCases</h3><a name="TestCases"></a>
<table border="1" class="bodyTable">
<tr class="a">
<th></th>
<th>Class</th>
<th>Tests</th>
<th>Errors</th>
<th>Failures</th>
<th>Skipped</th>
<th>Success Rate</th>
<th>Time</th></tr>
<tr class="b">
<td><a href="#TestCases.TestNameSearch"><img src="images/icon_error_sml.gif" alt="" /></a></td>
<td><a href="#TestCases.TestNameSearch">TestNameSearch</a></td>
<td>2</td>
<td>2</td>
<td>0</td>
<td>0</td>
<td>0%</td>
<td>20.22</td></tr>
<tr class="a">
<td><a href="#TestCases.TestSearch"><img src="images/icon_success_sml.gif" alt="" /></a></td>
<td><a href="#TestCases.TestSearch">TestSearch</a></td>
<td>1</td>
<td>0</td>
<td>0</td>
<td>0</td>
<td>100%</td>
<td>19.167</td></tr>
<tr class="b">
<td><a href="#TestCases.TestStockSearch"><img src="images/icon_error_sml.gif" alt="" /></a></td>
<td><a href="#TestCases.TestStockSearch">TestStockSearch</a></td>
<td>2</td>
<td>2</td>
<td>0</td>
<td>0</td>
<td>0%</td>
<td>25.26</td></tr></table></div><br /></div>
<div class="section">
<h2><a name="Test_Cases"></a>Test Cases</h2><a name="Test_Cases"></a>
<p>[<a href="#Summary">Summary</a>] [<a href="#Package_List">Package List</a>] [<a href="#Test_Cases">Test Cases</a>]</p>
<div class="section">
<h3><a name="TestNameSearch"></a>TestNameSearch</h3><a name="TestCases.TestNameSearch"></a>
<table border="1" class="bodyTable">
<tr class="a">
<td><a href="#TestCases.TestNameSearch.TestCases.TestNameSearch"><img src="images/icon_error_sml.gif" alt="" /></a></td>
<td><a name="TC_TestCases.TestNameSearch.TestCases.TestNameSearch"></a><a href="#TestCases.TestNameSearch.TestCases.TestNameSearch">TestCases.TestNameSearch</a>
<div class="detailToggle" style="display:inline"><a href="javascript:toggleDisplay('TestCases.TestNameSearch.TestCases.TestNameSearch');"><span style="display:inline;" id="TestCases.TestNameSearch.TestCases.TestNameSearch-off"> + </span><span style="display:none;" id="TestCases.TestNameSearch.TestCases.TestNameSearch-on"> - </span>[ Detail ]</a></div></td>
<td>10.109</td></tr>
<tr class="b">
<td></td>
<td>It is impossible to create a new session because 'createSession' which takes HttpClient, InputStream and long was not found or it is not accessible Build info: version: '3.12.0', revision: '7c6e0b3', time: '2018-05-08T14:04:26.12Z' System info: host: 'SmartMacs-MacBook-Pro.local', ip: 'fe80:0:0:0:18b1:9ff0:eeb0:e23b%en0', os.name: 'Mac OS X', os.arch: 'x86_64', os.version: '10.13.6', java.version: '10.0.2' Driver info: driver.version: AppiumDriver</td>
<td></td></tr>
<tr class="a">
<td></td>
<td>
<div id="TestCases.TestNameSearch.TestCases.TestNameSearch-error" style="display:none;">
<div>
<pre>org.openqa.selenium.WebDriverException: It is impossible to create a new session because 'createSession' which takes HttpClient, InputStream and long was not found or it is not accessible
Build info: version: '3.12.0', revision: '7c6e0b3', time: '2018-05-08T14:04:26.12Z'
System info: host: 'SmartMacs-MacBook-Pro.local', ip: 'fe80:0:0:0:18b1:9ff0:eeb0:e23b%en0', os.name: 'Mac OS X', os.arch: 'x86_64', os.version: '10.13.6', java.version: '10.0.2'
Driver info: driver.version: AppiumDriver
	at io.appium.java_client.remote.AppiumCommandExecutor$1.createSession(AppiumCommandExecutor.java:195)
	at io.appium.java_client.remote.AppiumCommandExecutor.createSession(AppiumCommandExecutor.java:209)
	at io.appium.java_client.remote.AppiumCommandExecutor.execute(AppiumCommandExecutor.java:231)
	at org.openqa.selenium.remote.RemoteWebDriver.execute(RemoteWebDriver.java:543)
	at io.appium.java_client.DefaultGenericMobileDriver.execute(DefaultGenericMobileDriver.java:42)
	at io.appium.java_client.AppiumDriver.execute(AppiumDriver.java:1)
	at org.openqa.selenium.remote.RemoteWebDriver.startSession(RemoteWebDriver.java:207)
	at org.openqa.selenium.remote.RemoteWebDriver.&lt;init&gt;(RemoteWebDriver.java:130)
	at io.appium.java_client.DefaultGenericMobileDriver.&lt;init&gt;(DefaultGenericMobileDriver.java:38)
	at io.appium.java_client.AppiumDriver.&lt;init&gt;(AppiumDriver.java:84)
	at io.appium.java_client.AppiumDriver.&lt;init&gt;(AppiumDriver.java:94)
	at Utils.BaseTest.startDriver(BaseTest.java:35)
	at java.base/jdk.internal.reflect.NativeMethodAccessorImpl.invoke0(Native Method)
	at java.base/jdk.internal.reflect.NativeMethodAccessorImpl.invoke(NativeMethodAccessorImpl.java:62)
	at java.base/jdk.internal.reflect.DelegatingMethodAccessorImpl.invoke(DelegatingMethodAccessorImpl.java:43)
	at java.base/java.lang.reflect.Method.invoke(Method.java:564)
	at org.junit.runners.model.FrameworkMethod$1.runReflectiveCall(FrameworkMethod.java:50)
	at org.junit.internal.runners.model.ReflectiveCallable.run(ReflectiveCallable.java:12)
	at org.junit.runners.model.FrameworkMethod.invokeExplosively(FrameworkMethod.java:47)
	at org.junit.internal.runners.statements.RunBefores.evaluate(RunBefores.java:24)
	at org.junit.internal.runners.statements.RunAfters.evaluate(RunAfters.java:27)
	at org.junit.runners.ParentRunner.run(ParentRunner.java:363)
	at org.apache.maven.surefire.junit4.JUnit4Provider.execute(JUnit4Provider.java:252)
	at org.apache.maven.surefire.junit4.JUnit4Provider.executeTestSet(JUnit4Provider.java:141)
	at org.apache.maven.surefire.junit4.JUnit4Provider.invoke(JUnit4Provider.java:112)
	at java.base/jdk.internal.reflect.NativeMethodAccessorImpl.invoke0(Native Method)
	at java.base/jdk.internal.reflect.NativeMethodAccessorImpl.invoke(NativeMethodAccessorImpl.java:62)
	at java.base/jdk.internal.reflect.DelegatingMethodAccessorImpl.invoke(DelegatingMethodAccessorImpl.java:43)
	at java.base/java.lang.reflect.Method.invoke(Method.java:564)
	at org.apache.maven.surefire.util.ReflectionUtils.invokeMethodWithArray(ReflectionUtils.java:189)
	at org.apache.maven.surefire.booter.ProviderFactory$ProviderProxy.invoke(ProviderFactory.java:165)
	at org.apache.maven.surefire.booter.ProviderFactory.invokeProvider(ProviderFactory.java:85)
	at org.apache.maven.surefire.booter.ForkedBooter.runSuitesInProcess(ForkedBooter.java:115)
	at org.apache.maven.surefire.booter.ForkedBooter.main(ForkedBooter.java:75)
Caused by: java.lang.reflect.InvocationTargetException
	at java.base/jdk.internal.reflect.NativeMethodAccessorImpl.invoke0(Native Method)
	at java.base/jdk.internal.reflect.NativeMethodAccessorImpl.invoke(NativeMethodAccessorImpl.java:62)
	at java.base/jdk.internal.reflect.DelegatingMethodAccessorImpl.invoke(DelegatingMethodAccessorImpl.java:43)
	at java.base/java.lang.reflect.Method.invoke(Method.java:564)
	at io.appium.java_client.remote.AppiumCommandExecutor$1.createSession(AppiumCommandExecutor.java:185)
	... 33 more
Caused by: org.openqa.selenium.WebDriverException: An unknown server-side error occurred while processing the command. Original error: [100%] /data/local/tmp/UnicodeIME-debug.apk
/usr/local/lib/node_modules/appium/node_modules/appium-android-ime/bin/UnicodeIME-debug.apk: 1 file pushed. 3.0 MB/s (36795 bytes in 0.012s)
	pkg: /data/local/tmp/UnicodeIME-debug.apk
Failure [INSTALL_FAILED_USER_RESTRICTED]
Build info: version: '3.12.0', revision: '7c6e0b3', time: '2018-05-08T14:04:26.12Z'
System info: host: 'SmartMacs-MacBook-Pro.local', ip: 'fe80:0:0:0:18b1:9ff0:eeb0:e23b%en0', os.name: 'Mac OS X', os.arch: 'x86_64', os.version: '10.13.6', java.version: '10.0.2'
Driver info: driver.version: AppiumDriver
remote stacktrace: UnknownError: An unknown server-side error occurred while processing the command. Original error: [100%] /data/local/tmp/UnicodeIME-debug.apk
/usr/local/lib/node_modules/appium/node_modules/appium-android-ime/bin/UnicodeIME-debug.apk: 1 file pushed. 3.0 MB/s (36795 bytes in 0.012s)
	pkg: /data/local/tmp/UnicodeIME-debug.apk
Failure [INSTALL_FAILED_USER_RESTRICTED]
    at getResponseForW3CError (/usr/local/lib/node_modules/appium/node_modules/appium-base-driver/lib/protocol/errors.js:806:13)
    at asyncHandler$ (/usr/local/lib/node_modules/appium/node_modules/appium-base-driver/lib/protocol/protocol.js:361:37)
    at tryCatch (/usr/local/lib/node_modules/appium/node_modules/babel-runtime/regenerator/runtime.js:67:40)
    at GeneratorFunctionPrototype.invoke [as _invoke] (/usr/local/lib/node_modules/appium/node_modules/babel-runtime/regenerator/runtime.js:315:22)
    at GeneratorFunctionPrototype.prototype.(anonymous function) [as next] (/usr/local/lib/node_modules/appium/node_modules/babel-runtime/regenerator/runtime.js:100:21)
    at GeneratorFunctionPrototype.invoke (/usr/local/lib/node_modules/appium/node_modules/babel-runtime/regenerator/runtime.js:136:37)
	at java.base/jdk.internal.reflect.NativeConstructorAccessorImpl.newInstance0(Native Method)
	at java.base/jdk.internal.reflect.NativeConstructorAccessorImpl.newInstance(NativeConstructorAccessorImpl.java:62)
	at java.base/jdk.internal.reflect.DelegatingConstructorAccessorImpl.newInstance(DelegatingConstructorAccessorImpl.java:45)
	at java.base/java.lang.reflect.Constructor.newInstance(Constructor.java:488)
	at org.openqa.selenium.remote.W3CHandshakeResponse.lambda$new$0(W3CHandshakeResponse.java:57)
	at org.openqa.selenium.remote.W3CHandshakeResponse.lambda$getResponseFunction$2(W3CHandshakeResponse.java:104)
	at org.openqa.selenium.remote.ProtocolHandshake.lambda$createSession$0(ProtocolHandshake.java:123)
	at java.base/java.util.stream.ReferencePipeline$3$1.accept(ReferencePipeline.java:195)
	at java.base/java.util.Spliterators$ArraySpliterator.tryAdvance(Spliterators.java:958)
	at java.base/java.util.stream.ReferencePipeline.forEachWithCancel(ReferencePipeline.java:127)
	at java.base/java.util.stream.AbstractPipeline.copyIntoWithCancel(AbstractPipeline.java:502)
	at java.base/java.util.stream.AbstractPipeline.copyInto(AbstractPipeline.java:488)
	at java.base/java.util.stream.AbstractPipeline.wrapAndCopyInto(AbstractPipeline.java:474)
	at java.base/java.util.stream.FindOps$FindOp.evaluateSequential(FindOps.java:150)
	at java.base/java.util.stream.AbstractPipeline.evaluate(AbstractPipeline.java:234)
	at java.base/java.util.stream.ReferencePipeline.findFirst(ReferencePipeline.java:543)
	at org.openqa.selenium.remote.ProtocolHandshake.createSession(ProtocolHandshake.java:126)
	... 38 more</pre></div></div></td>
<td></td></tr>
<tr class="b">
<td><a href="#TestCases.TestNameSearch.TestCases.TestNameSearch"><img src="images/icon_error_sml.gif" alt="" /></a></td>
<td><a name="TC_TestCases.TestNameSearch.TestCases.TestNameSearch"></a><a href="#TestCases.TestNameSearch.TestCases.TestNameSearch">TestCases.TestNameSearch</a>
<div class="detailToggle" style="display:inline"><a href="javascript:toggleDisplay('TestCases.TestNameSearch.TestCases.TestNameSearch');"><span style="display:inline;" id="TestCases.TestNameSearch.TestCases.TestNameSearch-off"> + </span><span style="display:none;" id="TestCases.TestNameSearch.TestCases.TestNameSearch-on"> - </span>[ Detail ]</a></div></td>
<td>10.111</td></tr>
<tr class="a">
<td></td>
<td></td>
<td></td></tr>
<tr class="b">
<td></td>
<td>
<div id="TestCases.TestNameSearch.TestCases.TestNameSearch-error" style="display:none;">
<div>
<pre>java.lang.NullPointerException
	at Utils.BaseTest.quitDriver(BaseTest.java:43)
	at java.base/jdk.internal.reflect.NativeMethodAccessorImpl.invoke0(Native Method)
	at java.base/jdk.internal.reflect.NativeMethodAccessorImpl.invoke(NativeMethodAccessorImpl.java:62)
	at java.base/jdk.internal.reflect.DelegatingMethodAccessorImpl.invoke(DelegatingMethodAccessorImpl.java:43)
	at java.base/java.lang.reflect.Method.invoke(Method.java:564)
	at org.junit.runners.model.FrameworkMethod$1.runReflectiveCall(FrameworkMethod.java:50)
	at org.junit.internal.runners.model.ReflectiveCallable.run(ReflectiveCallable.java:12)
	at org.junit.runners.model.FrameworkMethod.invokeExplosively(FrameworkMethod.java:47)
	at org.junit.internal.runners.statements.RunAfters.evaluate(RunAfters.java:33)
	at org.junit.runners.ParentRunner.run(ParentRunner.java:363)
	at org.apache.maven.surefire.junit4.JUnit4Provider.execute(JUnit4Provider.java:252)
	at org.apache.maven.surefire.junit4.JUnit4Provider.executeTestSet(JUnit4Provider.java:141)
	at org.apache.maven.surefire.junit4.JUnit4Provider.invoke(JUnit4Provider.java:112)
	at java.base/jdk.internal.reflect.NativeMethodAccessorImpl.invoke0(Native Method)
	at java.base/jdk.internal.reflect.NativeMethodAccessorImpl.invoke(NativeMethodAccessorImpl.java:62)
	at java.base/jdk.internal.reflect.DelegatingMethodAccessorImpl.invoke(DelegatingMethodAccessorImpl.java:43)
	at java.base/java.lang.reflect.Method.invoke(Method.java:564)
	at org.apache.maven.surefire.util.ReflectionUtils.invokeMethodWithArray(ReflectionUtils.java:189)
	at org.apache.maven.surefire.booter.ProviderFactory$ProviderProxy.invoke(ProviderFactory.java:165)
	at org.apache.maven.surefire.booter.ProviderFactory.invokeProvider(ProviderFactory.java:85)
	at org.apache.maven.surefire.booter.ForkedBooter.runSuitesInProcess(ForkedBooter.java:115)
	at org.apache.maven.surefire.booter.ForkedBooter.main(ForkedBooter.java:75)</pre></div></div></td>
<td></td></tr></table></div>
<div class="section">
<h3><a name="TestSearch"></a>TestSearch</h3><a name="TestCases.TestSearch"></a>
<table border="1" class="bodyTable">
<tr class="a">
<td><img src="images/icon_success_sml.gif" alt="" /></td>
<td><a name="TC_TestCases.TestSearch.searchStocks"></a>searchStocks</td>
<td>19.167</td></tr></table></div>
<div class="section">
<h3><a name="TestStockSearch"></a>TestStockSearch</h3><a name="TestCases.TestStockSearch"></a>
<table border="1" class="bodyTable">
<tr class="a">
<td><a href="#TestCases.TestStockSearch.TestCases.TestStockSearch"><img src="images/icon_error_sml.gif" alt="" /></a></td>
<td><a name="TC_TestCases.TestStockSearch.TestCases.TestStockSearch"></a><a href="#TestCases.TestStockSearch.TestCases.TestStockSearch">TestCases.TestStockSearch</a>
<div class="detailToggle" style="display:inline"><a href="javascript:toggleDisplay('TestCases.TestStockSearch.TestCases.TestStockSearch');"><span style="display:inline;" id="TestCases.TestStockSearch.TestCases.TestStockSearch-off"> + </span><span style="display:none;" id="TestCases.TestStockSearch.TestCases.TestStockSearch-on"> - </span>[ Detail ]</a></div></td>
<td>12.627</td></tr>
<tr class="b">
<td></td>
<td>It is impossible to create a new session because 'createSession' which takes HttpClient, InputStream and long was not found or it is not accessible Build info: version: '3.12.0', revision: '7c6e0b3', time: '2018-05-08T14:04:26.12Z' System info: host: 'SmartMacs-MacBook-Pro.local', ip: 'fe80:0:0:0:18b1:9ff0:eeb0:e23b%en0', os.name: 'Mac OS X', os.arch: 'x86_64', os.version: '10.13.6', java.version: '10.0.2' Driver info: driver.version: AppiumDriver</td>
<td></td></tr>
<tr class="a">
<td></td>
<td>
<div id="TestCases.TestStockSearch.TestCases.TestStockSearch-error" style="display:none;">
<div>
<pre>org.openqa.selenium.WebDriverException: It is impossible to create a new session because 'createSession' which takes HttpClient, InputStream and long was not found or it is not accessible
Build info: version: '3.12.0', revision: '7c6e0b3', time: '2018-05-08T14:04:26.12Z'
System info: host: 'SmartMacs-MacBook-Pro.local', ip: 'fe80:0:0:0:18b1:9ff0:eeb0:e23b%en0', os.name: 'Mac OS X', os.arch: 'x86_64', os.version: '10.13.6', java.version: '10.0.2'
Driver info: driver.version: AppiumDriver
	at io.appium.java_client.remote.AppiumCommandExecutor$1.createSession(AppiumCommandExecutor.java:195)
	at io.appium.java_client.remote.AppiumCommandExecutor.createSession(AppiumCommandExecutor.java:209)
	at io.appium.java_client.remote.AppiumCommandExecutor.execute(AppiumCommandExecutor.java:231)
	at org.openqa.selenium.remote.RemoteWebDriver.execute(RemoteWebDriver.java:543)
	at io.appium.java_client.DefaultGenericMobileDriver.execute(DefaultGenericMobileDriver.java:42)
	at io.appium.java_client.AppiumDriver.execute(AppiumDriver.java:1)
	at org.openqa.selenium.remote.RemoteWebDriver.startSession(RemoteWebDriver.java:207)
	at org.openqa.selenium.remote.RemoteWebDriver.&lt;init&gt;(RemoteWebDriver.java:130)
	at io.appium.java_client.DefaultGenericMobileDriver.&lt;init&gt;(DefaultGenericMobileDriver.java:38)
	at io.appium.java_client.AppiumDriver.&lt;init&gt;(AppiumDriver.java:84)
	at io.appium.java_client.AppiumDriver.&lt;init&gt;(AppiumDriver.java:94)
	at Utils.BaseTest.startDriver(BaseTest.java:35)
	at java.base/jdk.internal.reflect.NativeMethodAccessorImpl.invoke0(Native Method)
	at java.base/jdk.internal.reflect.NativeMethodAccessorImpl.invoke(NativeMethodAccessorImpl.java:62)
	at java.base/jdk.internal.reflect.DelegatingMethodAccessorImpl.invoke(DelegatingMethodAccessorImpl.java:43)
	at java.base/java.lang.reflect.Method.invoke(Method.java:564)
	at org.junit.runners.model.FrameworkMethod$1.runReflectiveCall(FrameworkMethod.java:50)
	at org.junit.internal.runners.model.ReflectiveCallable.run(ReflectiveCallable.java:12)
	at org.junit.runners.model.FrameworkMethod.invokeExplosively(FrameworkMethod.java:47)
	at org.junit.internal.runners.statements.RunBefores.evaluate(RunBefores.java:24)
	at org.junit.internal.runners.statements.RunAfters.evaluate(RunAfters.java:27)
	at org.junit.runners.ParentRunner.run(ParentRunner.java:363)
	at org.apache.maven.surefire.junit4.JUnit4Provider.execute(JUnit4Provider.java:252)
	at org.apache.maven.surefire.junit4.JUnit4Provider.executeTestSet(JUnit4Provider.java:141)
	at org.apache.maven.surefire.junit4.JUnit4Provider.invoke(JUnit4Provider.java:112)
	at java.base/jdk.internal.reflect.NativeMethodAccessorImpl.invoke0(Native Method)
	at java.base/jdk.internal.reflect.NativeMethodAccessorImpl.invoke(NativeMethodAccessorImpl.java:62)
	at java.base/jdk.internal.reflect.DelegatingMethodAccessorImpl.invoke(DelegatingMethodAccessorImpl.java:43)
	at java.base/java.lang.reflect.Method.invoke(Method.java:564)
	at org.apache.maven.surefire.util.ReflectionUtils.invokeMethodWithArray(ReflectionUtils.java:189)
	at org.apache.maven.surefire.booter.ProviderFactory$ProviderProxy.invoke(ProviderFactory.java:165)
	at org.apache.maven.surefire.booter.ProviderFactory.invokeProvider(ProviderFactory.java:85)
	at org.apache.maven.surefire.booter.ForkedBooter.runSuitesInProcess(ForkedBooter.java:115)
	at org.apache.maven.surefire.booter.ForkedBooter.main(ForkedBooter.java:75)
Caused by: java.lang.reflect.InvocationTargetException
	at java.base/jdk.internal.reflect.NativeMethodAccessorImpl.invoke0(Native Method)
	at java.base/jdk.internal.reflect.NativeMethodAccessorImpl.invoke(NativeMethodAccessorImpl.java:62)
	at java.base/jdk.internal.reflect.DelegatingMethodAccessorImpl.invoke(DelegatingMethodAccessorImpl.java:43)
	at java.base/java.lang.reflect.Method.invoke(Method.java:564)
	at io.appium.java_client.remote.AppiumCommandExecutor$1.createSession(AppiumCommandExecutor.java:185)
	... 33 more
Caused by: org.openqa.selenium.WebDriverException: An unknown server-side error occurred while processing the command. Original error: [100%] /data/local/tmp/UnicodeIME-debug.apk
/usr/local/lib/node_modules/appium/node_modules/appium-android-ime/bin/UnicodeIME-debug.apk: 1 file pushed. 4.3 MB/s (36795 bytes in 0.008s)
	pkg: /data/local/tmp/UnicodeIME-debug.apk
Failure [INSTALL_FAILED_USER_RESTRICTED]
Build info: version: '3.12.0', revision: '7c6e0b3', time: '2018-05-08T14:04:26.12Z'
System info: host: 'SmartMacs-MacBook-Pro.local', ip: 'fe80:0:0:0:18b1:9ff0:eeb0:e23b%en0', os.name: 'Mac OS X', os.arch: 'x86_64', os.version: '10.13.6', java.version: '10.0.2'
Driver info: driver.version: AppiumDriver
remote stacktrace: UnknownError: An unknown server-side error occurred while processing the command. Original error: [100%] /data/local/tmp/UnicodeIME-debug.apk
/usr/local/lib/node_modules/appium/node_modules/appium-android-ime/bin/UnicodeIME-debug.apk: 1 file pushed. 4.3 MB/s (36795 bytes in 0.008s)
	pkg: /data/local/tmp/UnicodeIME-debug.apk
Failure [INSTALL_FAILED_USER_RESTRICTED]
    at getResponseForW3CError (/usr/local/lib/node_modules/appium/node_modules/appium-base-driver/lib/protocol/errors.js:806:13)
    at asyncHandler$ (/usr/local/lib/node_modules/appium/node_modules/appium-base-driver/lib/protocol/protocol.js:361:37)
    at tryCatch (/usr/local/lib/node_modules/appium/node_modules/babel-runtime/regenerator/runtime.js:67:40)
    at GeneratorFunctionPrototype.invoke [as _invoke] (/usr/local/lib/node_modules/appium/node_modules/babel-runtime/regenerator/runtime.js:315:22)
    at GeneratorFunctionPrototype.prototype.(anonymous function) [as next] (/usr/local/lib/node_modules/appium/node_modules/babel-runtime/regenerator/runtime.js:100:21)
    at GeneratorFunctionPrototype.invoke (/usr/local/lib/node_modules/appium/node_modules/babel-runtime/regenerator/runtime.js:136:37)
	at java.base/jdk.internal.reflect.NativeConstructorAccessorImpl.newInstance0(Native Method)
	at java.base/jdk.internal.reflect.NativeConstructorAccessorImpl.newInstance(NativeConstructorAccessorImpl.java:62)
	at java.base/jdk.internal.reflect.DelegatingConstructorAccessorImpl.newInstance(DelegatingConstructorAccessorImpl.java:45)
	at java.base/java.lang.reflect.Constructor.newInstance(Constructor.java:488)
	at org.openqa.selenium.remote.W3CHandshakeResponse.lambda$new$0(W3CHandshakeResponse.java:57)
	at org.openqa.selenium.remote.W3CHandshakeResponse.lambda$getResponseFunction$2(W3CHandshakeResponse.java:104)
	at org.openqa.selenium.remote.ProtocolHandshake.lambda$createSession$0(ProtocolHandshake.java:123)
	at java.base/java.util.stream.ReferencePipeline$3$1.accept(ReferencePipeline.java:195)
	at java.base/java.util.Spliterators$ArraySpliterator.tryAdvance(Spliterators.java:958)
	at java.base/java.util.stream.ReferencePipeline.forEachWithCancel(ReferencePipeline.java:127)
	at java.base/java.util.stream.AbstractPipeline.copyIntoWithCancel(AbstractPipeline.java:502)
	at java.base/java.util.stream.AbstractPipeline.copyInto(AbstractPipeline.java:488)
	at java.base/java.util.stream.AbstractPipeline.wrapAndCopyInto(AbstractPipeline.java:474)
	at java.base/java.util.stream.FindOps$FindOp.evaluateSequential(FindOps.java:150)
	at java.base/java.util.stream.AbstractPipeline.evaluate(AbstractPipeline.java:234)
	at java.base/java.util.stream.ReferencePipeline.findFirst(ReferencePipeline.java:543)
	at org.openqa.selenium.remote.ProtocolHandshake.createSession(ProtocolHandshake.java:126)
	... 38 more</pre></div></div></td>
<td></td></tr>
<tr class="b">
<td><a href="#TestCases.TestStockSearch.TestCases.TestStockSearch"><img src="images/icon_error_sml.gif" alt="" /></a></td>
<td><a name="TC_TestCases.TestStockSearch.TestCases.TestStockSearch"></a><a href="#TestCases.TestStockSearch.TestCases.TestStockSearch">TestCases.TestStockSearch</a>
<div class="detailToggle" style="display:inline"><a href="javascript:toggleDisplay('TestCases.TestStockSearch.TestCases.TestStockSearch');"><span style="display:inline;" id="TestCases.TestStockSearch.TestCases.TestStockSearch-off"> + </span><span style="display:none;" id="TestCases.TestStockSearch.TestCases.TestStockSearch-on"> - </span>[ Detail ]</a></div></td>
<td>12.633</td></tr>
<tr class="a">
<td></td>
<td></td>
<td></td></tr>
<tr class="b">
<td></td>
<td>
<div id="TestCases.TestStockSearch.TestCases.TestStockSearch-error" style="display:none;">
<div>
<pre>java.lang.NullPointerException
	at Utils.BaseTest.quitDriver(BaseTest.java:43)
	at java.base/jdk.internal.reflect.NativeMethodAccessorImpl.invoke0(Native Method)
	at java.base/jdk.internal.reflect.NativeMethodAccessorImpl.invoke(NativeMethodAccessorImpl.java:62)
	at java.base/jdk.internal.reflect.DelegatingMethodAccessorImpl.invoke(DelegatingMethodAccessorImpl.java:43)
	at java.base/java.lang.reflect.Method.invoke(Method.java:564)
	at org.junit.runners.model.FrameworkMethod$1.runReflectiveCall(FrameworkMethod.java:50)
	at org.junit.internal.runners.model.ReflectiveCallable.run(ReflectiveCallable.java:12)
	at org.junit.runners.model.FrameworkMethod.invokeExplosively(FrameworkMethod.java:47)
	at org.junit.internal.runners.statements.RunAfters.evaluate(RunAfters.java:33)
	at org.junit.runners.ParentRunner.run(ParentRunner.java:363)
	at org.apache.maven.surefire.junit4.JUnit4Provider.execute(JUnit4Provider.java:252)
	at org.apache.maven.surefire.junit4.JUnit4Provider.executeTestSet(JUnit4Provider.java:141)
	at org.apache.maven.surefire.junit4.JUnit4Provider.invoke(JUnit4Provider.java:112)
	at java.base/jdk.internal.reflect.NativeMethodAccessorImpl.invoke0(Native Method)
	at java.base/jdk.internal.reflect.NativeMethodAccessorImpl.invoke(NativeMethodAccessorImpl.java:62)
	at java.base/jdk.internal.reflect.DelegatingMethodAccessorImpl.invoke(DelegatingMethodAccessorImpl.java:43)
	at java.base/java.lang.reflect.Method.invoke(Method.java:564)
	at org.apache.maven.surefire.util.ReflectionUtils.invokeMethodWithArray(ReflectionUtils.java:189)
	at org.apache.maven.surefire.booter.ProviderFactory$ProviderProxy.invoke(ProviderFactory.java:165)
	at org.apache.maven.surefire.booter.ProviderFactory.invokeProvider(ProviderFactory.java:85)
	at org.apache.maven.surefire.booter.ForkedBooter.runSuitesInProcess(ForkedBooter.java:115)
	at org.apache.maven.surefire.booter.ForkedBooter.main(ForkedBooter.java:75)</pre></div></div></td>
<td></td></tr></table></div><br /></div>
<div class="section">
<h2><a name="Failure_Details"></a>Failure Details</h2><a name="Failure_Details"></a>
<p>[<a href="#Summary">Summary</a>] [<a href="#Package_List">Package List</a>] [<a href="#Test_Cases">Test Cases</a>]</p><br />
<table border="1" class="bodyTable">
<tr class="a">
<td><img src="images/icon_error_sml.gif" alt="" /></td>
<td><a name="TestCases.TestNameSearch.TestCases.TestNameSearch"></a>TestCases.TestNameSearch</td></tr>
<tr class="b">
<td></td>
<td>org.openqa.selenium.WebDriverException: It is impossible to create a new session because 'createSession' which takes HttpClient, InputStream and long was not found or it is not accessible Build info: version: '3.12.0', revision: '7c6e0b3', time: '2018-05-08T14:04:26.12Z' System info: host: 'SmartMacs-MacBook-Pro.local', ip: 'fe80:0:0:0:18b1:9ff0:eeb0:e23b%en0', os.name: 'Mac OS X', os.arch: 'x86_64', os.version: '10.13.6', java.version: '10.0.2' Driver info: driver.version: AppiumDriver</td></tr>
<tr class="a">
<td></td>
<td>
<div id="TestCases.TestNameSearch-error">TestCases.TestNameSearch:</div></td></tr>
<tr class="b">
<td><img src="images/icon_error_sml.gif" alt="" /></td>
<td><a name="TestCases.TestNameSearch.TestCases.TestNameSearch"></a>TestCases.TestNameSearch</td></tr>
<tr class="a">
<td></td>
<td>java.lang.NullPointerException</td></tr>
<tr class="b">
<td></td>
<td>
<div id="TestCases.TestNameSearch-error">TestCases.TestNameSearch:</div></td></tr>
<tr class="a">
<td><img src="images/icon_error_sml.gif" alt="" /></td>
<td><a name="TestCases.TestStockSearch.TestCases.TestStockSearch"></a>TestCases.TestStockSearch</td></tr>
<tr class="b">
<td></td>
<td>org.openqa.selenium.WebDriverException: It is impossible to create a new session because 'createSession' which takes HttpClient, InputStream and long was not found or it is not accessible Build info: version: '3.12.0', revision: '7c6e0b3', time: '2018-05-08T14:04:26.12Z' System info: host: 'SmartMacs-MacBook-Pro.local', ip: 'fe80:0:0:0:18b1:9ff0:eeb0:e23b%en0', os.name: 'Mac OS X', os.arch: 'x86_64', os.version: '10.13.6', java.version: '10.0.2' Driver info: driver.version: AppiumDriver</td></tr>
<tr class="a">
<td></td>
<td>
<div id="TestCases.TestStockSearch-error">TestCases.TestStockSearch:</div></td></tr>
<tr class="b">
<td><img src="images/icon_error_sml.gif" alt="" /></td>
<td><a name="TestCases.TestStockSearch.TestCases.TestStockSearch"></a>TestCases.TestStockSearch</td></tr>
<tr class="a">
<td></td>
<td>java.lang.NullPointerException</td></tr>
<tr class="b">
<td></td>
<td>
<div id="TestCases.TestStockSearch-error">TestCases.TestStockSearch:</div></td></tr></table><br /></div>
      </div>
    </div>
    <div class="clear">
      <hr/>
    </div>
    <div id="footer">
      <div class="xright">
              Copyright &#169;                   2018.
          All rights reserved.      
                    
                  </div>
      <div class="clear">
        <hr/>
      </div>
    </div>
  </body>
</html>
